{
  "summary": {
    "total_queries": 10,
    "successful_queries": 10,
    "failed_queries": 0,
    "avg_execution_time_ms": 0.056600000000000004,
    "avg_total_cost": 16.142,
    "index_usage_rate": 100.0
  },
  "details": [
    {
      "query_name": "products_by_user",
      "description": "Fetch active products for a specific user",
      "planning_time_ms": 1.081,
      "execution_time_ms": 0.056,
      "total_cost": 8.15,
      "python_execution_time": 3.1495094299316406,
      "uses_index": true,
      "plan": {
        "Plan": {
          "Node Type": "Index Scan",
          "Parallel Aware": false,
          "Async Capable": false,
          "Scan Direction": "Forward",
          "Index Name": "idx_product_user",
          "Relation Name": "products",
          "Alias": "products",
          "Startup Cost": 0.14,
          "Total Cost": 8.15,
          "Plan Rows": 1,
          "Plan Width": 1831,
          "Actual Startup Time": 0.039,
          "Actual Total Time": 0.039,
          "Actual Rows": 2,
          "Actual Loops": 1,
          "Index Cond": "(user_id = 3)",
          "Rows Removed by Index Recheck": 0,
          "Filter": "is_active",
          "Rows Removed by Filter": 0,
          "Shared Hit Blocks": 2,
          "Shared Read Blocks": 0,
          "Shared Dirtied Blocks": 0,
          "Shared Written Blocks": 0,
          "Local Hit Blocks": 0,
          "Local Read Blocks": 0,
          "Local Dirtied Blocks": 0,
          "Local Written Blocks": 0,
          "Temp Read Blocks": 0,
          "Temp Written Blocks": 0
        },
        "Planning": {
          "Shared Hit Blocks": 207,
          "Shared Read Blocks": 4,
          "Shared Dirtied Blocks": 0,
          "Shared Written Blocks": 0,
          "Local Hit Blocks": 0,
          "Local Read Blocks": 0,
          "Local Dirtied Blocks": 0,
          "Local Written Blocks": 0,
          "Temp Read Blocks": 0,
          "Temp Written Blocks": 0
        },
        "Planning Time": 1.081,
        "Triggers": [],
        "Execution Time": 0.056
      }
    },
    {
      "query_name": "products_by_category",
      "description": "Fetch products by category",
      "planning_time_ms": 0.064,
      "execution_time_ms": 0.041,
      "total_cost": 8.15,
      "python_execution_time": 1.3611316680908203,
      "uses_index": true,
      "plan": {
        "Plan": {
          "Node Type": "Index Scan",
          "Parallel Aware": false,
          "Async Capable": false,
          "Scan Direction": "Forward",
          "Index Name": "idx_products_category_active",
          "Relation Name": "products",
          "Alias": "products",
          "Startup Cost": 0.14,
          "Total Cost": 8.15,
          "Plan Rows": 1,
          "Plan Width": 1831,
          "Actual Startup Time": 0.032,
          "Actual Total Time": 0.033,
          "Actual Rows": 4,
          "Actual Loops": 1,
          "Index Cond": "(((category)::text = 'Electronics'::text) AND (is_active = true))",
          "Rows Removed by Index Recheck": 0,
          "Shared Hit Blocks": 1,
          "Shared Read Blocks": 1,
          "Shared Dirtied Blocks": 0,
          "Shared Written Blocks": 0,
          "Local Hit Blocks": 0,
          "Local Read Blocks": 0,
          "Local Dirtied Blocks": 0,
          "Local Written Blocks": 0,
          "Temp Read Blocks": 0,
          "Temp Written Blocks": 0
        },
        "Planning": {
          "Shared Hit Blocks": 8,
          "Shared Read Blocks": 0,
          "Shared Dirtied Blocks": 0,
          "Shared Written Blocks": 0,
          "Local Hit Blocks": 0,
          "Local Read Blocks": 0,
          "Local Dirtied Blocks": 0,
          "Local Written Blocks": 0,
          "Temp Read Blocks": 0,
          "Temp Written Blocks": 0
        },
        "Planning Time": 0.064,
        "Triggers": [],
        "Execution Time": 0.041
      }
    },
    {
      "query_name": "competitors_for_product",
      "description": "Get competitors for a specific product",
      "planning_time_ms": 0.796,
      "execution_time_ms": 0.024,
      "total_cost": 8.15,
      "python_execution_time": 1.5687942504882812,
      "uses_index": true,
      "plan": {
        "Plan": {
          "Node Type": "Index Scan",
          "Parallel Aware": false,
          "Async Capable": false,
          "Scan Direction": "Backward",
          "Index Name": "idx_competitors_product_similarity",
          "Relation Name": "competitors",
          "Alias": "competitors",
          "Startup Cost": 0.14,
          "Total Cost": 8.15,
          "Plan Rows": 1,
          "Plan Width": 730,
          "Actual Startup Time": 0.015,
          "Actual Total Time": 0.017,
          "Actual Rows": 5,
          "Actual Loops": 1,
          "Index Cond": "(main_product_id = 11)",
          "Rows Removed by Index Recheck": 0,
          "Shared Hit Blocks": 2,
          "Shared Read Blocks": 1,
          "Shared Dirtied Blocks": 0,
          "Shared Written Blocks": 0,
          "Local Hit Blocks": 0,
          "Local Read Blocks": 0,
          "Local Dirtied Blocks": 0,
          "Local Written Blocks": 0,
          "Temp Read Blocks": 0,
          "Temp Written Blocks": 0
        },
        "Planning": {
          "Shared Hit Blocks": 132,
          "Shared Read Blocks": 2,
          "Shared Dirtied Blocks": 0,
          "Shared Written Blocks": 0,
          "Local Hit Blocks": 0,
          "Local Read Blocks": 0,
          "Local Dirtied Blocks": 0,
          "Local Written Blocks": 0,
          "Temp Read Blocks": 0,
          "Temp Written Blocks": 0
        },
        "Planning Time": 0.796,
        "Triggers": [],
        "Execution Time": 0.024
      }
    },
    {
      "query_name": "recent_product_metrics",
      "description": "Get recent metrics for a product (last 7 days)",
      "planning_time_ms": 0.918,
      "execution_time_ms": 0.089,
      "total_cost": 8.82,
      "python_execution_time": 2.081155776977539,
      "uses_index": true,
      "plan": {
        "Plan": {
          "Node Type": "Limit",
          "Parallel Aware": false,
          "Async Capable": false,
          "Startup Cost": 8.79,
          "Total Cost": 8.82,
          "Plan Rows": 12,
          "Plan Width": 1395,
          "Actual Startup Time": 0.05,
          "Actual Total Time": 0.051,
          "Actual Rows": 12,
          "Actual Loops": 1,
          "Shared Hit Blocks": 7,
          "Shared Read Blocks": 0,
          "Shared Dirtied Blocks": 0,
          "Shared Written Blocks": 0,
          "Local Hit Blocks": 0,
          "Local Read Blocks": 0,
          "Local Dirtied Blocks": 0,
          "Local Written Blocks": 0,
          "Temp Read Blocks": 0,
          "Temp Written Blocks": 0,
          "Plans": [
            {
              "Node Type": "Sort",
              "Parent Relationship": "Outer",
              "Parallel Aware": false,
              "Async Capable": false,
              "Startup Cost": 8.79,
              "Total Cost": 8.82,
              "Plan Rows": 12,
              "Plan Width": 1395,
              "Actual Startup Time": 0.05,
              "Actual Total Time": 0.05,
              "Actual Rows": 12,
              "Actual Loops": 1,
              "Sort Key": [
                "scraped_at DESC"
              ],
              "Sort Method": "quicksort",
              "Sort Space Used": 26,
              "Sort Space Type": "Memory",
              "Shared Hit Blocks": 7,
              "Shared Read Blocks": 0,
              "Shared Dirtied Blocks": 0,
              "Shared Written Blocks": 0,
              "Local Hit Blocks": 0,
              "Local Read Blocks": 0,
              "Local Dirtied Blocks": 0,
              "Local Written Blocks": 0,
              "Temp Read Blocks": 0,
              "Temp Written Blocks": 0,
              "Plans": [
                {
                  "Node Type": "Bitmap Heap Scan",
                  "Parent Relationship": "Outer",
                  "Parallel Aware": false,
                  "Async Capable": false,
                  "Relation Name": "product_metrics",
                  "Alias": "product_metrics",
                  "Startup Cost": 4.4,
                  "Total Cost": 8.58,
                  "Plan Rows": 12,
                  "Plan Width": 1395,
                  "Actual Startup Time": 0.018,
                  "Actual Total Time": 0.02,
                  "Actual Rows": 12,
                  "Actual Loops": 1,
                  "Recheck Cond": "((product_id = 11) AND (scraped_at >= '2025-08-12 15:31:53.228229+00'::timestamp with time zone))",
                  "Rows Removed by Index Recheck": 0,
                  "Exact Heap Blocks": 2,
                  "Lossy Heap Blocks": 0,
                  "Shared Hit Blocks": 4,
                  "Shared Read Blocks": 0,
                  "Shared Dirtied Blocks": 0,
                  "Shared Written Blocks": 0,
                  "Local Hit Blocks": 0,
                  "Local Read Blocks": 0,
                  "Local Dirtied Blocks": 0,
                  "Local Written Blocks": 0,
                  "Temp Read Blocks": 0,
                  "Temp Written Blocks": 0,
                  "Plans": [
                    {
                      "Node Type": "Bitmap Index Scan",
                      "Parent Relationship": "Outer",
                      "Parallel Aware": false,
                      "Async Capable": false,
                      "Index Name": "idx_metrics_product_time",
                      "Startup Cost": 0.0,
                      "Total Cost": 4.39,
                      "Plan Rows": 12,
                      "Plan Width": 0,
                      "Actual Startup Time": 0.007,
                      "Actual Total Time": 0.007,
                      "Actual Rows": 12,
                      "Actual Loops": 1,
                      "Index Cond": "((product_id = 11) AND (scraped_at >= '2025-08-12 15:31:53.228229+00'::timestamp with time zone))",
                      "Shared Hit Blocks": 2,
                      "Shared Read Blocks": 0,
                      "Shared Dirtied Blocks": 0,
                      "Shared Written Blocks": 0,
                      "Local Hit Blocks": 0,
                      "Local Read Blocks": 0,
                      "Local Dirtied Blocks": 0,
                      "Local Written Blocks": 0,
                      "Temp Read Blocks": 0,
                      "Temp Written Blocks": 0
                    }
                  ]
                }
              ]
            }
          ]
        },
        "Planning": {
          "Shared Hit Blocks": 223,
          "Shared Read Blocks": 2,
          "Shared Dirtied Blocks": 2,
          "Shared Written Blocks": 0,
          "Local Hit Blocks": 0,
          "Local Read Blocks": 0,
          "Local Dirtied Blocks": 0,
          "Local Written Blocks": 0,
          "Temp Read Blocks": 0,
          "Temp Written Blocks": 0
        },
        "Planning Time": 0.918,
        "Triggers": [],
        "Execution Time": 0.089
      }
    },
    {
      "query_name": "price_history_analysis",
      "description": "Analyze price history for all products (last 30 days)",
      "planning_time_ms": 2.211,
      "execution_time_ms": 0.06,
      "total_cost": 16.34,
      "python_execution_time": 3.620624542236328,
      "uses_index": true,
      "plan": {
        "Plan": {
          "Node Type": "Sort",
          "Parallel Aware": false,
          "Async Capable": false,
          "Startup Cost": 16.27,
          "Total Cost": 16.34,
          "Plan Rows": 27,
          "Plan Width": 20,
          "Actual Startup Time": 0.025,
          "Actual Total Time": 0.025,
          "Actual Rows": 0,
          "Actual Loops": 1,
          "Sort Key": [
            "(avg(sale_price)) DESC"
          ],
          "Sort Method": "quicksort",
          "Sort Space Used": 25,
          "Sort Space Type": "Memory",
          "Shared Hit Blocks": 4,
          "Shared Read Blocks": 0,
          "Shared Dirtied Blocks": 0,
          "Shared Written Blocks": 0,
          "Local Hit Blocks": 0,
          "Local Read Blocks": 0,
          "Local Dirtied Blocks": 0,
          "Local Written Blocks": 0,
          "Temp Read Blocks": 0,
          "Temp Written Blocks": 0,
          "Plans": [
            {
              "Node Type": "Aggregate",
              "Strategy": "Hashed",
              "Partial Mode": "Simple",
              "Parent Relationship": "Outer",
              "Parallel Aware": false,
              "Async Capable": false,
              "Startup Cost": 15.29,
              "Total Cost": 15.63,
              "Plan Rows": 27,
              "Plan Width": 20,
              "Actual Startup Time": 0.003,
              "Actual Total Time": 0.003,
              "Actual Rows": 0,
              "Actual Loops": 1,
              "Group Key": [
                "product_id"
              ],
              "Planned Partitions": 0,
              "HashAgg Batches": 1,
              "Peak Memory Usage": 24,
              "Disk Usage": 0,
              "Shared Hit Blocks": 1,
              "Shared Read Blocks": 0,
              "Shared Dirtied Blocks": 0,
              "Shared Written Blocks": 0,
              "Local Hit Blocks": 0,
              "Local Read Blocks": 0,
              "Local Dirtied Blocks": 0,
              "Local Written Blocks": 0,
              "Temp Read Blocks": 0,
              "Temp Written Blocks": 0,
              "Plans": [
                {
                  "Node Type": "Bitmap Heap Scan",
                  "Parent Relationship": "Outer",
                  "Parallel Aware": false,
                  "Async Capable": false,
                  "Relation Name": "price_history",
                  "Alias": "price_history",
                  "Startup Cost": 4.75,
                  "Total Cost": 15.09,
                  "Plan Rows": 27,
                  "Plan Width": 12,
                  "Actual Startup Time": 0.002,
                  "Actual Total Time": 0.002,
                  "Actual Rows": 0,
                  "Actual Loops": 1,
                  "Recheck Cond": "(tracked_at >= '2025-07-20 15:31:53.230855+00'::timestamp with time zone)",
                  "Rows Removed by Index Recheck": 0,
                  "Exact Heap Blocks": 0,
                  "Lossy Heap Blocks": 0,
                  "Shared Hit Blocks": 1,
                  "Shared Read Blocks": 0,
                  "Shared Dirtied Blocks": 0,
                  "Shared Written Blocks": 0,
                  "Local Hit Blocks": 0,
                  "Local Read Blocks": 0,
                  "Local Dirtied Blocks": 0,
                  "Local Written Blocks": 0,
                  "Temp Read Blocks": 0,
                  "Temp Written Blocks": 0,
                  "Plans": [
                    {
                      "Node Type": "Bitmap Index Scan",
                      "Parent Relationship": "Outer",
                      "Parallel Aware": false,
                      "Async Capable": false,
                      "Index Name": "idx_price_history_recent",
                      "Startup Cost": 0.0,
                      "Total Cost": 4.74,
                      "Plan Rows": 27,
                      "Plan Width": 0,
                      "Actual Startup Time": 0.001,
                      "Actual Total Time": 0.001,
                      "Actual Rows": 0,
                      "Actual Loops": 1,
                      "Index Cond": "(tracked_at >= '2025-07-20 15:31:53.230855+00'::timestamp with time zone)",
                      "Shared Hit Blocks": 1,
                      "Shared Read Blocks": 0,
                      "Shared Dirtied Blocks": 0,
                      "Shared Written Blocks": 0,
                      "Local Hit Blocks": 0,
                      "Local Read Blocks": 0,
                      "Local Dirtied Blocks": 0,
                      "Local Written Blocks": 0,
                      "Temp Read Blocks": 0,
                      "Temp Written Blocks": 0
                    }
                  ]
                }
              ]
            }
          ]
        },
        "Planning": {
          "Shared Hit Blocks": 103,
          "Shared Read Blocks": 7,
          "Shared Dirtied Blocks": 0,
          "Shared Written Blocks": 0,
          "Local Hit Blocks": 0,
          "Local Read Blocks": 0,
          "Local Dirtied Blocks": 0,
          "Local Written Blocks": 0,
          "Temp Read Blocks": 0,
          "Temp Written Blocks": 0
        },
        "Planning Time": 2.211,
        "Triggers": [],
        "Execution Time": 0.06
      }
    },
    {
      "query_name": "active_alerts_by_user",
      "description": "Get active alerts for a user",
      "planning_time_ms": 0.621,
      "execution_time_ms": 0.024,
      "total_cost": 8.15,
      "python_execution_time": 1.2309551239013672,
      "uses_index": true,
      "plan": {
        "Plan": {
          "Node Type": "Index Scan",
          "Parallel Aware": false,
          "Async Capable": false,
          "Scan Direction": "Forward",
          "Index Name": "alert_configurations_user_id_product_id_alert_name_key",
          "Relation Name": "alert_configurations",
          "Alias": "alert_configurations",
          "Startup Cost": 0.14,
          "Total Cost": 8.15,
          "Plan Rows": 1,
          "Plan Width": 1113,
          "Actual Startup Time": 0.014,
          "Actual Total Time": 0.015,
          "Actual Rows": 8,
          "Actual Loops": 1,
          "Index Cond": "(user_id = 3)",
          "Rows Removed by Index Recheck": 0,
          "Filter": "is_active",
          "Rows Removed by Filter": 0,
          "Shared Hit Blocks": 2,
          "Shared Read Blocks": 0,
          "Shared Dirtied Blocks": 0,
          "Shared Written Blocks": 0,
          "Local Hit Blocks": 0,
          "Local Read Blocks": 0,
          "Local Dirtied Blocks": 0,
          "Local Written Blocks": 0,
          "Temp Read Blocks": 0,
          "Temp Written Blocks": 0
        },
        "Planning": {
          "Shared Hit Blocks": 130,
          "Shared Read Blocks": 2,
          "Shared Dirtied Blocks": 0,
          "Shared Written Blocks": 0,
          "Local Hit Blocks": 0,
          "Local Read Blocks": 0,
          "Local Dirtied Blocks": 0,
          "Local Written Blocks": 0,
          "Temp Read Blocks": 0,
          "Temp Written Blocks": 0
        },
        "Planning Time": 0.621,
        "Triggers": [],
        "Execution Time": 0.024
      }
    },
    {
      "query_name": "recent_alert_history",
      "description": "Get recent alert history with details",
      "planning_time_ms": 1.236,
      "execution_time_ms": 0.07,
      "total_cost": 44.39,
      "python_execution_time": 2.076864242553711,
      "uses_index": true,
      "plan": {
        "Plan": {
          "Node Type": "Limit",
          "Parallel Aware": false,
          "Async Capable": false,
          "Startup Cost": 44.27,
          "Total Cost": 44.39,
          "Plan Rows": 50,
          "Plan Width": 820,
          "Actual Startup Time": 0.028,
          "Actual Total Time": 0.029,
          "Actual Rows": 0,
          "Actual Loops": 1,
          "Shared Hit Blocks": 4,
          "Shared Read Blocks": 0,
          "Shared Dirtied Blocks": 0,
          "Shared Written Blocks": 0,
          "Local Hit Blocks": 0,
          "Local Read Blocks": 0,
          "Local Dirtied Blocks": 0,
          "Local Written Blocks": 0,
          "Temp Read Blocks": 0,
          "Temp Written Blocks": 0,
          "Plans": [
            {
              "Node Type": "Sort",
              "Parent Relationship": "Outer",
              "Parallel Aware": false,
              "Async Capable": false,
              "Startup Cost": 44.27,
              "Total Cost": 44.49,
              "Plan Rows": 90,
              "Plan Width": 820,
              "Actual Startup Time": 0.028,
              "Actual Total Time": 0.029,
              "Actual Rows": 0,
              "Actual Loops": 1,
              "Sort Key": [
                "ah.triggered_at DESC"
              ],
              "Sort Method": "quicksort",
              "Sort Space Used": 25,
              "Sort Space Type": "Memory",
              "Shared Hit Blocks": 4,
              "Shared Read Blocks": 0,
              "Shared Dirtied Blocks": 0,
              "Shared Written Blocks": 0,
              "Local Hit Blocks": 0,
              "Local Read Blocks": 0,
              "Local Dirtied Blocks": 0,
              "Local Written Blocks": 0,
              "Temp Read Blocks": 0,
              "Temp Written Blocks": 0,
              "Plans": [
                {
                  "Node Type": "Hash Join",
                  "Parent Relationship": "Outer",
                  "Parallel Aware": false,
                  "Async Capable": false,
                  "Join Type": "Inner",
                  "Startup Cost": 29.75,
                  "Total Cost": 41.34,
                  "Plan Rows": 90,
                  "Plan Width": 820,
                  "Actual Startup Time": 0.024,
                  "Actual Total Time": 0.025,
                  "Actual Rows": 0,
                  "Actual Loops": 1,
                  "Inner Unique": true,
                  "Hash Cond": "(ah.product_id = p.id)",
                  "Shared Hit Blocks": 4,
                  "Shared Read Blocks": 0,
                  "Shared Dirtied Blocks": 0,
                  "Shared Written Blocks": 0,
                  "Local Hit Blocks": 0,
                  "Local Read Blocks": 0,
                  "Local Dirtied Blocks": 0,
                  "Local Written Blocks": 0,
                  "Temp Read Blocks": 0,
                  "Temp Written Blocks": 0,
                  "Plans": [
                    {
                      "Node Type": "Hash Join",
                      "Parent Relationship": "Outer",
                      "Parallel Aware": false,
                      "Async Capable": false,
                      "Join Type": "Inner",
                      "Startup Cost": 17.31,
                      "Total Cost": 28.67,
                      "Plan Rows": 90,
                      "Plan Width": 788,
                      "Actual Startup Time": 0.002,
                      "Actual Total Time": 0.003,
                      "Actual Rows": 0,
                      "Actual Loops": 1,
                      "Inner Unique": true,
                      "Hash Cond": "(ah.configuration_id = ac.id)",
                      "Shared Hit Blocks": 2,
                      "Shared Read Blocks": 0,
                      "Shared Dirtied Blocks": 0,
                      "Shared Written Blocks": 0,
                      "Local Hit Blocks": 0,
                      "Local Read Blocks": 0,
                      "Local Dirtied Blocks": 0,
                      "Local Written Blocks": 0,
                      "Temp Read Blocks": 0,
                      "Temp Written Blocks": 0,
                      "Plans": [
                        {
                          "Node Type": "Bitmap Heap Scan",
                          "Parent Relationship": "Outer",
                          "Parallel Aware": false,
                          "Async Capable": false,
                          "Relation Name": "alert_history",
                          "Alias": "ah",
                          "Startup Cost": 4.84,
                          "Total Cost": 15.97,
                          "Plan Rows": 90,
                          "Plan Width": 272,
                          "Actual Startup Time": 0.002,
                          "Actual Total Time": 0.002,
                          "Actual Rows": 0,
                          "Actual Loops": 1,
                          "Recheck Cond": "(triggered_at >= '2025-08-12 15:31:53.236856+00'::timestamp with time zone)",
                          "Rows Removed by Index Recheck": 0,
                          "Exact Heap Blocks": 0,
                          "Lossy Heap Blocks": 0,
                          "Shared Hit Blocks": 2,
                          "Shared Read Blocks": 0,
                          "Shared Dirtied Blocks": 0,
                          "Shared Written Blocks": 0,
                          "Local Hit Blocks": 0,
                          "Local Read Blocks": 0,
                          "Local Dirtied Blocks": 0,
                          "Local Written Blocks": 0,
                          "Temp Read Blocks": 0,
                          "Temp Written Blocks": 0,
                          "Plans": [
                            {
                              "Node Type": "Bitmap Index Scan",
                              "Parent Relationship": "Outer",
                              "Parallel Aware": false,
                              "Async Capable": false,
                              "Index Name": "idx_alert_history_recent",
                              "Startup Cost": 0.0,
                              "Total Cost": 4.82,
                              "Plan Rows": 90,
                              "Plan Width": 0,
                              "Actual Startup Time": 0.001,
                              "Actual Total Time": 0.001,
                              "Actual Rows": 0,
                              "Actual Loops": 1,
                              "Index Cond": "(triggered_at >= '2025-08-12 15:31:53.236856+00'::timestamp with time zone)",
                              "Shared Hit Blocks": 2,
                              "Shared Read Blocks": 0,
                              "Shared Dirtied Blocks": 0,
                              "Shared Written Blocks": 0,
                              "Local Hit Blocks": 0,
                              "Local Read Blocks": 0,
                              "Local Dirtied Blocks": 0,
                              "Local Written Blocks": 0,
                              "Temp Read Blocks": 0,
                              "Temp Written Blocks": 0
                            }
                          ]
                        },
                        {
                          "Node Type": "Hash",
                          "Parent Relationship": "Inner",
                          "Parallel Aware": false,
                          "Async Capable": false,
                          "Startup Cost": 12.31,
                          "Total Cost": 12.31,
                          "Plan Rows": 12,
                          "Plan Width": 520,
                          "Actual Startup Time": 0.0,
                          "Actual Total Time": 0.0,
                          "Actual Rows": 0,
                          "Actual Loops": 0,
                          "Shared Hit Blocks": 0,
                          "Shared Read Blocks": 0,
                          "Shared Dirtied Blocks": 0,
                          "Shared Written Blocks": 0,
                          "Local Hit Blocks": 0,
                          "Local Read Blocks": 0,
                          "Local Dirtied Blocks": 0,
                          "Local Written Blocks": 0,
                          "Temp Read Blocks": 0,
                          "Temp Written Blocks": 0,
                          "Plans": [
                            {
                              "Node Type": "Index Scan",
                              "Parent Relationship": "Outer",
                              "Parallel Aware": false,
                              "Async Capable": false,
                              "Scan Direction": "Forward",
                              "Index Name": "ix_alert_configurations_id",
                              "Relation Name": "alert_configurations",
                              "Alias": "ac",
                              "Startup Cost": 0.14,
                              "Total Cost": 12.31,
                              "Plan Rows": 12,
                              "Plan Width": 520,
                              "Actual Startup Time": 0.0,
                              "Actual Total Time": 0.0,
                              "Actual Rows": 0,
                              "Actual Loops": 0,
                              "Shared Hit Blocks": 0,
                              "Shared Read Blocks": 0,
                              "Shared Dirtied Blocks": 0,
                              "Shared Written Blocks": 0,
                              "Local Hit Blocks": 0,
                              "Local Read Blocks": 0,
                              "Local Dirtied Blocks": 0,
                              "Local Written Blocks": 0,
                              "Temp Read Blocks": 0,
                              "Temp Written Blocks": 0
                            }
                          ]
                        }
                      ]
                    },
                    {
                      "Node Type": "Hash",
                      "Parent Relationship": "Inner",
                      "Parallel Aware": false,
                      "Async Capable": false,
                      "Startup Cost": 12.3,
                      "Total Cost": 12.3,
                      "Plan Rows": 11,
                      "Plan Width": 36,
                      "Actual Startup Time": 0.014,
                      "Actual Total Time": 0.014,
                      "Actual Rows": 11,
                      "Actual Loops": 1,
                      "Hash Buckets": 1024,
                      "Original Hash Buckets": 1024,
                      "Hash Batches": 1,
                      "Original Hash Batches": 1,
                      "Peak Memory Usage": 9,
                      "Shared Hit Blocks": 2,
                      "Shared Read Blocks": 0,
                      "Shared Dirtied Blocks": 0,
                      "Shared Written Blocks": 0,
                      "Local Hit Blocks": 0,
                      "Local Read Blocks": 0,
                      "Local Dirtied Blocks": 0,
                      "Local Written Blocks": 0,
                      "Temp Read Blocks": 0,
                      "Temp Written Blocks": 0,
                      "Plans": [
                        {
                          "Node Type": "Index Scan",
                          "Parent Relationship": "Outer",
                          "Parallel Aware": false,
                          "Async Capable": false,
                          "Scan Direction": "Forward",
                          "Index Name": "ix_products_id",
                          "Relation Name": "products",
                          "Alias": "p",
                          "Startup Cost": 0.14,
                          "Total Cost": 12.3,
                          "Plan Rows": 11,
                          "Plan Width": 36,
                          "Actual Startup Time": 0.007,
                          "Actual Total Time": 0.009,
                          "Actual Rows": 11,
                          "Actual Loops": 1,
                          "Shared Hit Blocks": 2,
                          "Shared Read Blocks": 0,
                          "Shared Dirtied Blocks": 0,
                          "Shared Written Blocks": 0,
                          "Local Hit Blocks": 0,
                          "Local Read Blocks": 0,
                          "Local Dirtied Blocks": 0,
                          "Local Written Blocks": 0,
                          "Temp Read Blocks": 0,
                          "Temp Written Blocks": 0
                        }
                      ]
                    }
                  ]
                }
              ]
            }
          ]
        },
        "Planning": {
          "Shared Hit Blocks": 136,
          "Shared Read Blocks": 5,
          "Shared Dirtied Blocks": 0,
          "Shared Written Blocks": 0,
          "Local Hit Blocks": 0,
          "Local Read Blocks": 0,
          "Local Dirtied Blocks": 0,
          "Local Written Blocks": 0,
          "Temp Read Blocks": 0,
          "Temp Written Blocks": 0
        },
        "Planning Time": 1.236,
        "Triggers": [],
        "Execution Time": 0.07
      }
    },
    {
      "query_name": "market_overview",
      "description": "Market overview by category",
      "planning_time_ms": 0.071,
      "execution_time_ms": 0.048,
      "total_cost": 12.47,
      "python_execution_time": 0.8120536804199219,
      "uses_index": true,
      "plan": {
        "Plan": {
          "Node Type": "Sort",
          "Parallel Aware": false,
          "Async Capable": false,
          "Startup Cost": 12.46,
          "Total Cost": 12.47,
          "Plan Rows": 5,
          "Plan Width": 540,
          "Actual Startup Time": 0.025,
          "Actual Total Time": 0.026,
          "Actual Rows": 3,
          "Actual Loops": 1,
          "Sort Key": [
            "(count(*)) DESC"
          ],
          "Sort Method": "quicksort",
          "Sort Space Used": 25,
          "Sort Space Type": "Memory",
          "Shared Hit Blocks": 5,
          "Shared Read Blocks": 0,
          "Shared Dirtied Blocks": 0,
          "Shared Written Blocks": 0,
          "Local Hit Blocks": 0,
          "Local Read Blocks": 0,
          "Local Dirtied Blocks": 0,
          "Local Written Blocks": 0,
          "Temp Read Blocks": 0,
          "Temp Written Blocks": 0,
          "Plans": [
            {
              "Node Type": "Aggregate",
              "Strategy": "Sorted",
              "Partial Mode": "Simple",
              "Parent Relationship": "Outer",
              "Parallel Aware": false,
              "Async Capable": false,
              "Startup Cost": 0.14,
              "Total Cost": 12.4,
              "Plan Rows": 5,
              "Plan Width": 540,
              "Actual Startup Time": 0.01,
              "Actual Total Time": 0.011,
              "Actual Rows": 3,
              "Actual Loops": 1,
              "Group Key": [
                "category"
              ],
              "Shared Hit Blocks": 2,
              "Shared Read Blocks": 0,
              "Shared Dirtied Blocks": 0,
              "Shared Written Blocks": 0,
              "Local Hit Blocks": 0,
              "Local Read Blocks": 0,
              "Local Dirtied Blocks": 0,
              "Local Written Blocks": 0,
              "Temp Read Blocks": 0,
              "Temp Written Blocks": 0,
              "Plans": [
                {
                  "Node Type": "Index Scan",
                  "Parent Relationship": "Outer",
                  "Parallel Aware": false,
                  "Async Capable": false,
                  "Scan Direction": "Forward",
                  "Index Name": "idx_products_category_active",
                  "Relation Name": "products",
                  "Alias": "products",
                  "Startup Cost": 0.14,
                  "Total Cost": 12.28,
                  "Plan Rows": 5,
                  "Plan Width": 532,
                  "Actual Startup Time": 0.005,
                  "Actual Total Time": 0.006,
                  "Actual Rows": 3,
                  "Actual Loops": 1,
                  "Index Cond": "(is_active = true)",
                  "Rows Removed by Index Recheck": 0,
                  "Filter": "(current_price IS NOT NULL)",
                  "Rows Removed by Filter": 8,
                  "Shared Hit Blocks": 2,
                  "Shared Read Blocks": 0,
                  "Shared Dirtied Blocks": 0,
                  "Shared Written Blocks": 0,
                  "Local Hit Blocks": 0,
                  "Local Read Blocks": 0,
                  "Local Dirtied Blocks": 0,
                  "Local Written Blocks": 0,
                  "Temp Read Blocks": 0,
                  "Temp Written Blocks": 0
                }
              ]
            }
          ]
        },
        "Planning": {
          "Shared Hit Blocks": 15,
          "Shared Read Blocks": 0,
          "Shared Dirtied Blocks": 0,
          "Shared Written Blocks": 0,
          "Local Hit Blocks": 0,
          "Local Read Blocks": 0,
          "Local Dirtied Blocks": 0,
          "Local Written Blocks": 0,
          "Temp Read Blocks": 0,
          "Temp Written Blocks": 0
        },
        "Planning Time": 0.071,
        "Triggers": [],
        "Execution Time": 0.048
      }
    },
    {
      "query_name": "top_competitors_by_similarity",
      "description": "Find top competitors by similarity score",
      "planning_time_ms": 0.294,
      "execution_time_ms": 0.048,
      "total_cost": 21.83,
      "python_execution_time": 1.7402172088623047,
      "uses_index": true,
      "plan": {
        "Plan": {
          "Node Type": "Limit",
          "Parallel Aware": false,
          "Async Capable": false,
          "Startup Cost": 21.83,
          "Total Cost": 21.83,
          "Plan Rows": 1,
          "Plan Width": 762,
          "Actual Startup Time": 0.027,
          "Actual Total Time": 0.028,
          "Actual Rows": 12,
          "Actual Loops": 1,
          "Shared Hit Blocks": 26,
          "Shared Read Blocks": 0,
          "Shared Dirtied Blocks": 0,
          "Shared Written Blocks": 0,
          "Local Hit Blocks": 0,
          "Local Read Blocks": 0,
          "Local Dirtied Blocks": 0,
          "Local Written Blocks": 0,
          "Temp Read Blocks": 0,
          "Temp Written Blocks": 0,
          "Plans": [
            {
              "Node Type": "Sort",
              "Parent Relationship": "Outer",
              "Parallel Aware": false,
              "Async Capable": false,
              "Startup Cost": 21.83,
              "Total Cost": 21.83,
              "Plan Rows": 1,
              "Plan Width": 762,
              "Actual Startup Time": 0.027,
              "Actual Total Time": 0.027,
              "Actual Rows": 12,
              "Actual Loops": 1,
              "Sort Key": [
                "c.similarity_score DESC"
              ],
              "Sort Method": "quicksort",
              "Sort Space Used": 28,
              "Sort Space Type": "Memory",
              "Shared Hit Blocks": 26,
              "Shared Read Blocks": 0,
              "Shared Dirtied Blocks": 0,
              "Shared Written Blocks": 0,
              "Local Hit Blocks": 0,
              "Local Read Blocks": 0,
              "Local Dirtied Blocks": 0,
              "Local Written Blocks": 0,
              "Temp Read Blocks": 0,
              "Temp Written Blocks": 0,
              "Plans": [
                {
                  "Node Type": "Nested Loop",
                  "Parent Relationship": "Outer",
                  "Parallel Aware": false,
                  "Async Capable": false,
                  "Join Type": "Inner",
                  "Startup Cost": 0.27,
                  "Total Cost": 21.82,
                  "Plan Rows": 1,
                  "Plan Width": 762,
                  "Actual Startup Time": 0.012,
                  "Actual Total Time": 0.019,
                  "Actual Rows": 12,
                  "Actual Loops": 1,
                  "Inner Unique": true,
                  "Shared Hit Blocks": 26,
                  "Shared Read Blocks": 0,
                  "Shared Dirtied Blocks": 0,
                  "Shared Written Blocks": 0,
                  "Local Hit Blocks": 0,
                  "Local Read Blocks": 0,
                  "Local Dirtied Blocks": 0,
                  "Local Written Blocks": 0,
                  "Temp Read Blocks": 0,
                  "Temp Written Blocks": 0,
                  "Plans": [
                    {
                      "Node Type": "Index Scan",
                      "Parent Relationship": "Outer",
                      "Parallel Aware": false,
                      "Async Capable": false,
                      "Scan Direction": "Forward",
                      "Index Name": "idx_competitors_product_similarity",
                      "Relation Name": "competitors",
                      "Alias": "c",
                      "Startup Cost": 0.14,
                      "Total Cost": 12.33,
                      "Plan Rows": 1,
                      "Plan Width": 730,
                      "Actual Startup Time": 0.005,
                      "Actual Total Time": 0.006,
                      "Actual Rows": 12,
                      "Actual Loops": 1,
                      "Index Cond": "((similarity_score > '0.8'::double precision) AND (is_direct_competitor = 1))",
                      "Rows Removed by Index Recheck": 0,
                      "Shared Hit Blocks": 2,
                      "Shared Read Blocks": 0,
                      "Shared Dirtied Blocks": 0,
                      "Shared Written Blocks": 0,
                      "Local Hit Blocks": 0,
                      "Local Read Blocks": 0,
                      "Local Dirtied Blocks": 0,
                      "Local Written Blocks": 0,
                      "Temp Read Blocks": 0,
                      "Temp Written Blocks": 0
                    },
                    {
                      "Node Type": "Index Scan",
                      "Parent Relationship": "Inner",
                      "Parallel Aware": false,
                      "Async Capable": false,
                      "Scan Direction": "Forward",
                      "Index Name": "ix_products_id",
                      "Relation Name": "products",
                      "Alias": "p",
                      "Startup Cost": 0.14,
                      "Total Cost": 8.15,
                      "Plan Rows": 1,
                      "Plan Width": 36,
                      "Actual Startup Time": 0.001,
                      "Actual Total Time": 0.001,
                      "Actual Rows": 1,
                      "Actual Loops": 12,
                      "Index Cond": "(id = c.main_product_id)",
                      "Rows Removed by Index Recheck": 0,
                      "Shared Hit Blocks": 24,
                      "Shared Read Blocks": 0,
                      "Shared Dirtied Blocks": 0,
                      "Shared Written Blocks": 0,
                      "Local Hit Blocks": 0,
                      "Local Read Blocks": 0,
                      "Local Dirtied Blocks": 0,
                      "Local Written Blocks": 0,
                      "Temp Read Blocks": 0,
                      "Temp Written Blocks": 0
                    }
                  ]
                }
              ]
            }
          ]
        },
        "Planning": {
          "Shared Hit Blocks": 2,
          "Shared Read Blocks": 0,
          "Shared Dirtied Blocks": 0,
          "Shared Written Blocks": 0,
          "Local Hit Blocks": 0,
          "Local Read Blocks": 0,
          "Local Dirtied Blocks": 0,
          "Local Written Blocks": 0,
          "Temp Read Blocks": 0,
          "Temp Written Blocks": 0
        },
        "Planning Time": 0.294,
        "Triggers": [],
        "Execution Time": 0.048
      }
    },
    {
      "query_name": "complex_product_analytics",
      "description": "Complex analytics combining products and competitors",
      "planning_time_ms": 0.092,
      "execution_time_ms": 0.106,
      "total_cost": 24.97,
      "python_execution_time": 1.0287761688232422,
      "uses_index": true,
      "plan": {
        "Plan": {
          "Node Type": "Sort",
          "Parallel Aware": false,
          "Async Capable": false,
          "Startup Cost": 24.97,
          "Total Cost": 24.97,
          "Plan Rows": 2,
          "Plan Width": 134,
          "Actual Startup Time": 0.059,
          "Actual Total Time": 0.059,
          "Actual Rows": 6,
          "Actual Loops": 1,
          "Sort Key": [
            "(count(c.id)) DESC",
            "(avg(c.similarity_score)) DESC"
          ],
          "Sort Method": "quicksort",
          "Sort Space Used": 25,
          "Sort Space Type": "Memory",
          "Shared Hit Blocks": 2,
          "Shared Read Blocks": 2,
          "Shared Dirtied Blocks": 0,
          "Shared Written Blocks": 0,
          "Local Hit Blocks": 0,
          "Local Read Blocks": 0,
          "Local Dirtied Blocks": 0,
          "Local Written Blocks": 0,
          "Temp Read Blocks": 0,
          "Temp Written Blocks": 0,
          "Plans": [
            {
              "Node Type": "Aggregate",
              "Strategy": "Sorted",
              "Partial Mode": "Simple",
              "Parent Relationship": "Outer",
              "Parallel Aware": false,
              "Async Capable": false,
              "Startup Cost": 0.27,
              "Total Cost": 24.96,
              "Plan Rows": 2,
              "Plan Width": 134,
              "Actual Startup Time": 0.04,
              "Actual Total Time": 0.052,
              "Actual Rows": 6,
              "Actual Loops": 1,
              "Group Key": [
                "p.id"
              ],
              "Filter": "(count(c.id) > 0)",
              "Rows Removed by Filter": 5,
              "Shared Hit Blocks": 2,
              "Shared Read Blocks": 2,
              "Shared Dirtied Blocks": 0,
              "Shared Written Blocks": 0,
              "Local Hit Blocks": 0,
              "Local Read Blocks": 0,
              "Local Dirtied Blocks": 0,
              "Local Written Blocks": 0,
              "Temp Read Blocks": 0,
              "Temp Written Blocks": 0,
              "Plans": [
                {
                  "Node Type": "Merge Join",
                  "Parent Relationship": "Outer",
                  "Parallel Aware": false,
                  "Async Capable": false,
                  "Join Type": "Left",
                  "Startup Cost": 0.27,
                  "Total Cost": 24.75,
                  "Plan Rows": 10,
                  "Plan Width": 130,
                  "Actual Startup Time": 0.035,
                  "Actual Total Time": 0.042,
                  "Actual Rows": 23,
                  "Actual Loops": 1,
                  "Inner Unique": false,
                  "Merge Cond": "(p.id = c.main_product_id)",
                  "Shared Hit Blocks": 2,
                  "Shared Read Blocks": 2,
                  "Shared Dirtied Blocks": 0,
                  "Shared Written Blocks": 0,
                  "Local Hit Blocks": 0,
                  "Local Read Blocks": 0,
                  "Local Dirtied Blocks": 0,
                  "Local Written Blocks": 0,
                  "Temp Read Blocks": 0,
                  "Temp Written Blocks": 0,
                  "Plans": [
                    {
                      "Node Type": "Index Scan",
                      "Parent Relationship": "Outer",
                      "Parallel Aware": false,
                      "Async Capable": false,
                      "Scan Direction": "Forward",
                      "Index Name": "idx_products_active_only",
                      "Relation Name": "products",
                      "Alias": "p",
                      "Startup Cost": 0.14,
                      "Total Cost": 12.22,
                      "Plan Rows": 6,
                      "Plan Width": 110,
                      "Actual Startup Time": 0.013,
                      "Actual Total Time": 0.014,
                      "Actual Rows": 11,
                      "Actual Loops": 1,
                      "Shared Hit Blocks": 1,
                      "Shared Read Blocks": 1,
                      "Shared Dirtied Blocks": 0,
                      "Shared Written Blocks": 0,
                      "Local Hit Blocks": 0,
                      "Local Read Blocks": 0,
                      "Local Dirtied Blocks": 0,
                      "Local Written Blocks": 0,
                      "Temp Read Blocks": 0,
                      "Temp Written Blocks": 0
                    },
                    {
                      "Node Type": "Index Scan",
                      "Parent Relationship": "Inner",
                      "Parallel Aware": false,
                      "Async Capable": false,
                      "Scan Direction": "Forward",
                      "Index Name": "idx_competitors_direct_only",
                      "Relation Name": "competitors",
                      "Alias": "c",
                      "Startup Cost": 0.14,
                      "Total Cost": 12.41,
                      "Plan Rows": 18,
                      "Plan Width": 24,
                      "Actual Startup Time": 0.019,
                      "Actual Total Time": 0.021,
                      "Actual Rows": 18,
                      "Actual Loops": 1,
                      "Shared Hit Blocks": 1,
                      "Shared Read Blocks": 1,
                      "Shared Dirtied Blocks": 0,
                      "Shared Written Blocks": 0,
                      "Local Hit Blocks": 0,
                      "Local Read Blocks": 0,
                      "Local Dirtied Blocks": 0,
                      "Local Written Blocks": 0,
                      "Temp Read Blocks": 0,
                      "Temp Written Blocks": 0
                    }
                  ]
                }
              ]
            }
          ]
        },
        "Planning": {
          "Shared Hit Blocks": 5,
          "Shared Read Blocks": 0,
          "Shared Dirtied Blocks": 0,
          "Shared Written Blocks": 0,
          "Local Hit Blocks": 0,
          "Local Read Blocks": 0,
          "Local Dirtied Blocks": 0,
          "Local Written Blocks": 0,
          "Temp Read Blocks": 0,
          "Temp Written Blocks": 0
        },
        "Planning Time": 0.092,
        "Triggers": [],
        "Execution Time": 0.106
      }
    }
  ]
}